<?xml version="1.0" encoding="UTF-8"?>
<!-- Generated by org.testng.reporters.JUnitReportReporter -->
<testsuite hostname="LAPTOP-SM4HO3QG" failures="0" tests="1" name="testCases.FileUploadDemo2" time="1.052" errors="0" timestamp="2024-10-23T23:10:44 CEST" skipped="0">
  <testcase classname="testCases.FileUploadDemo2" name="fileUploadTest" time="1.052"/>
</testsuite> <!-- testCases.FileUploadDemo2 -->
